{"level":"warn","message":"Ruta /api/desd con método GET no implementada"}
{"level":"warn","message":"Ruta /api/desd con método GET no implementada"}
{"level":"warn","message":"Ruta /api/desd con método GET no implementada"}
{"level":"warn","message":"Ruta /api/desd con método GET no implementada"}
{"level":"warn","message":"Ruta /api/desd con método GET no implementada"}
{"level":"warn","message":"Ruta /favicon.ico con método GET no implementada"}
{"level":"warn","message":"Ruta /favicon.ico con método GET no implementada"}
{"level":"warn","message":"Ruta /randoms?cant=4 con método GET no implementada"}
{"level":"warn","message":"Ruta /favicon.ico con método GET no implementada"}
{"level":"warn","message":"Ruta /favicon.ico con método GET no implementada"}
{"level":"warn","message":"Ruta /favicon.ico con método GET no implementada"}
{"level":"warn","message":"Ruta /favicon.ico con método GET no implementada"}
{"level":"warn","message":"Ruta /favicon.ico con método GET no implementada"}
{"level":"warn","message":"Ruta /styles.css con método GET no implementada"}
{"level":"warn","message":"Ruta /socket.io/socket.io.js con método GET no implementada"}
{"level":"warn","message":"Ruta /styles.css con método GET no implementada"}
{"level":"warn","message":"Ruta /socket.io/socket.io.js con método GET no implementada"}
{"level":"warn","message":"Ruta /socket.io/socket.io.js con método GET no implementada"}
{"level":"warn","message":"Ruta /public/script.js con método GET no implementada"}
{"level":"warn","message":"Ruta /public/script.js con método GET no implementada"}
{"level":"warn","message":"Ruta /socket.io/socket.io.js con método GET no implementada"}
{"level":"warn","message":"Ruta /public/script.js con método GET no implementada"}
{"level":"warn","message":"Ruta /socket.io/socket.io.js con método GET no implementada"}
{"level":"warn","message":"Ruta /api/public/script.js con método GET no implementada"}
{"level":"warn","message":"Ruta /socket.io/socket.io.js con método GET no implementada"}
{"level":"warn","message":"Ruta /api/public/script.js con método GET no implementada"}
{"level":"warn","message":"Ruta /socket.io/socket.io.js con método GET no implementada"}
{"level":"warn","message":"Ruta /api/script.js con método GET no implementada"}
{"level":"warn","message":"Ruta /socket.io/socket.io.js con método GET no implementada"}
{"level":"warn","message":"Ruta /script.js con método GET no implementada"}
{"level":"warn","message":"Ruta /socket.io/socket.io.js con método GET no implementada"}
{"level":"warn","message":"Ruta /socket.io/socket.io.js con método GET no implementada"}
{"level":"warn","message":"Ruta /api/script.js con método GET no implementada"}
{"level":"warn","message":"Ruta /socket.io/socket.io.js con método GET no implementada"}
{"level":"warn","message":"Ruta /socket.io/socket.io.js con método GET no implementada"}
{"level":"warn","message":"Ruta /socket.io/socket.io.js con método GET no implementada"}
{"level":"warn","message":"Ruta /socket.io/socket.io.js con método GET no implementada"}
{"level":"warn","message":"Ruta /api/ con método GET no implementada"}
{"level":"warn","message":"Ruta /socket.io/socket.io.js con método GET no implementada"}
{"level":"warn","message":"Ruta /socket.io/socket.io.js con método GET no implementada"}
{"level":"warn","message":"Ruta /api/ con método GET no implementada"}
{"level":"warn","message":"Ruta /socket.io/socket.io.js con método GET no implementada"}
{"level":"warn","message":"Ruta /socket.io/socket.io.js con método GET no implementada"}
{"level":"warn","message":"Ruta /socket.io/socket.io.js con método GET no implementada"}
{"level":"warn","message":"Ruta /socket.io/socket.io.js con método GET no implementada"}
{"level":"warn","message":"Ruta /socket.io/socket.io.js con método GET no implementada"}
{"level":"warn","message":"Ruta /socket.io/socket.io.js con método GET no implementada"}
{"level":"warn","message":"Ruta /favicon.ico con método GET no implementada"}
{"level":"warn","message":"Ruta /favicon.ico con método GET no implementada"}
{"level":"warn","message":"Ruta /api/ con método GET no implementada"}
{"level":"warn","message":"Ruta /api/ con método GET no implementada"}
{"level":"warn","message":"Ruta /api/ con método GET no implementada"}
{"level":"warn","message":"Ruta /api/ con método GET no implementada"}
{"level":"warn","message":"Ruta /api/ con método GET no implementada"}
{"level":"warn","message":"Ruta /api/ con método GET no implementada"}
{"level":"error"}
{"level":"warn","message":"Ruta /api/sf con método GET no implementada"}
{"level":"warn","message":"Ruta /api/sf con método GET no implementada"}
{"level":"warn","message":"Ruta /api/sf con método GET no implementada"}
{"level":"warn","message":"Ruta /api/sf con método GET no implementada"}
{"level":"warn","message":"Ruta /api/ con método GET no implementada"}
{"level":"warn","message":"Ruta /api/ddd con método GET no implementada"}
{"level":"warn","message":"Ruta /api/ con método GET no implementada"}
{"level":"warn","message":"Ruta /favicon.ico con método GET no implementada"}
{"level":"warn","message":"Ruta /favicon.ico con método GET no implementada"}
{"level":"warn","message":"Ruta /favicon.ico con método GET no implementada"}
{"level":"warn","message":"Ruta /favicon.ico con método GET no implementada"}
{"code":11000,"index":0,"keyPattern":{"_id":1},"keyValue":{"_id":"636d7cf7a8db538d07e9112d"},"level":"error"}
{"level":"warn","message":"Ruta /undefined/productos con método GET no implementada"}
{"level":"warn","message":"Ruta /3/productos con método GET no implementada"}
{"level":"warn","message":"Ruta /undefined/productos con método GET no implementada"}
{"level":"warn","message":"Ruta /undefined/productos con método GET no implementada"}
{"level":"warn","message":"Ruta /undefined/productos con método GET no implementada"}
{"level":"warn","message":"Ruta /636d7cf7a8db538d07e9112d/productos con método GET no implementada"}
{"level":"warn","message":"Ruta /carritos/636d7cf7a8db538d07e9112d/productos con método GET no implementada"}
{"code":11000,"index":0,"keyPattern":{"_id":1},"keyValue":{"_id":"636d7cf7a8db538d07e9112d"},"level":"error"}
{"code":11000,"index":0,"keyPattern":{"_id":1},"keyValue":{"_id":"636d7cf7a8db538d07e9112d"},"level":"error"}
{"code":11000,"index":0,"keyPattern":{"_id":1},"keyValue":{"_id":"636d7cf7a8db538d07e9112d"},"level":"error"}
{"code":11000,"index":0,"keyPattern":{"_id":1},"keyValue":{"_id":"636d7cf7a8db538d07e9112d"},"level":"error"}
{"code":11000,"index":0,"keyPattern":{"_id":1},"keyValue":{"_id":"636d7cf7a8db538d07e9112d"},"level":"error"}
{"code":11000,"index":0,"keyPattern":{"_id":1},"keyValue":{"_id":"636d7cf7a8db538d07e9112d"},"level":"error"}
{"code":11000,"index":0,"keyPattern":{"_id":1},"keyValue":{"_id":"636d7cf7a8db538d07e9112d"},"level":"error"}
{"code":11000,"index":0,"keyPattern":{"_id":1},"keyValue":{"_id":"636d7cf7a8db538d07e9112d"},"level":"error"}
{"code":11000,"index":0,"keyPattern":{"_id":1},"keyValue":{"_id":"636d7cf7a8db538d07e9112d"},"level":"error"}
{"code":11000,"index":0,"keyPattern":{"_id":1},"keyValue":{"_id":"636d7cf7a8db538d07e9112d"},"level":"error"}
{"level":"warn","message":"Ruta /favicon.ico con método GET no implementada"}
{"code":11000,"index":0,"keyPattern":{"_id":1},"keyValue":{"_id":"636d7cf7a8db538d07e9112d"},"level":"error"}
{"code":11000,"index":0,"keyPattern":{"_id":1},"keyValue":{"_id":"636d7cf7a8db538d07e9112d"},"level":"error"}
{"code":11000,"index":0,"keyPattern":{"_id":1},"keyValue":{"_id":"636d7cf7a8db538d07e9112d"},"level":"error"}
{"code":11000,"index":0,"keyPattern":{"_id":1},"keyValue":{"_id":"636d7cf7a8db538d07e9112d"},"level":"error"}
{"code":11000,"index":0,"keyPattern":{"_id":1},"keyValue":{"_id":"636d7cf7a8db538d07e9112d"},"level":"error"}
{"level":"warn","message":"Ruta /api/carritos636d7cf7a8db538d07e9112d/productos con método POST no implementada"}
{"code":11000,"index":0,"keyPattern":{"_id":1},"keyValue":{"_id":"636d7cf7a8db538d07e9112d"},"level":"error"}
{"code":11000,"index":0,"keyPattern":{"_id":1},"keyValue":{"_id":"636d7cf7a8db538d07e9112d"},"level":"error"}
{"code":11000,"index":0,"keyPattern":{"_id":1},"keyValue":{"_id":"636d7cf7a8db538d07e9112d"},"level":"error"}
{"code":11000,"index":0,"keyPattern":{"_id":1},"keyValue":{"_id":"636d7cf7a8db538d07e9112d"},"level":"error"}
{"code":11000,"index":0,"keyPattern":{"_id":1},"keyValue":{"_id":"636d7cf7a8db538d07e9112d"},"level":"error"}
{"code":11000,"index":0,"keyPattern":{"_id":1},"keyValue":{"_id":"636d7cf7a8db538d07e9112d"},"level":"error"}
{"code":11000,"index":0,"keyPattern":{"_id":1},"keyValue":{"_id":"636d7cf7a8db538d07e9112d"},"level":"error"}
{"code":11000,"index":0,"keyPattern":{"_id":1},"keyValue":{"_id":"636d7cf7a8db538d07e9112d"},"level":"error"}
{"code":11000,"index":0,"keyPattern":{"_id":1},"keyValue":{"_id":"636d7cf7a8db538d07e9112d"},"level":"error"}
{"code":11000,"index":0,"keyPattern":{"_id":1},"keyValue":{"_id":"636d7cf7a8db538d07e9112d"},"level":"error"}
{"code":11000,"index":0,"keyPattern":{"_id":1},"keyValue":{"_id":"636d7cf7a8db538d07e9112d"},"level":"error"}
{"code":11000,"index":0,"keyPattern":{"_id":1},"keyValue":{"_id":"636d7cf7a8db538d07e9112d"},"level":"error"}
{"code":11000,"index":0,"keyPattern":{"_id":1},"keyValue":{"_id":"636d7cf7a8db538d07e9112d"},"level":"error"}
{"code":11000,"index":0,"keyPattern":{"_id":1},"keyValue":{"_id":"636d7cf7a8db538d07e9112d"},"level":"error"}
{"code":11000,"index":0,"keyPattern":{"_id":1},"keyValue":{"_id":"636d7cf7a8db538d07e9112d"},"level":"error"}
{"code":11000,"index":0,"keyPattern":{"_id":1},"keyValue":{"_id":"636d7cf7a8db538d07e9112d"},"level":"error"}
{"code":11000,"index":0,"keyPattern":{"_id":1},"keyValue":{"_id":"636d7cf7a8db538d07e9112d"},"level":"error"}
{"code":11000,"index":0,"keyPattern":{"_id":1},"keyValue":{"_id":"636d7cf7a8db538d07e9112d"},"level":"error"}
{"code":11000,"index":0,"keyPattern":{"_id":1},"keyValue":{"_id":"636d7cf7a8db538d07e9112d"},"level":"error"}
{"code":11000,"index":0,"keyPattern":{"_id":1},"keyValue":{"_id":"636d7cf7a8db538d07e9112d"},"level":"error"}
{"level":"warn","message":"Ruta /api/images/apple.png con método GET no implementada"}
{"level":"warn","message":"Ruta /api/images/veg.png con método GET no implementada"}
{"level":"warn","message":"Ruta /api/images/apple.png con método GET no implementada"}
{"level":"warn","message":"Ruta /api/images/veg.png con método GET no implementada"}
{"level":"warn","message":"Ruta /api/images/veg.png con método GET no implementada"}
{"level":"warn","message":"Ruta /api/images/apple.png con método GET no implementada"}
{"level":"warn","message":"Ruta /favicon.ico con método GET no implementada"}
{"level":"warn","message":"Ruta /api/%7C%7C%20%22https://i.im.ge/2022/09/23/1hVLEc.Goose.png%22%7D con método GET no implementada"}
{"level":"warn","message":"Ruta /api/%7C%7C%20%22https://i.im.ge/2022/09/23/1hVLEc.Goose.png%22 con método GET no implementada"}
{"level":"warn","message":"Ruta /favicon.ico con método GET no implementada"}
{"level":"warn","message":"Ruta /favicon.ico con método GET no implementada"}
{"code":11000,"index":0,"keyPattern":{"_id":1},"keyValue":{"_id":"636d7cf7a8db538d07e9112d"},"level":"error"}
{"code":11000,"index":0,"keyPattern":{"_id":1},"keyValue":{"_id":"636d7cf7a8db538d07e9112d"},"level":"error"}
{"code":11000,"index":0,"keyPattern":{"_id":1},"keyValue":{"_id":"636d7cf7a8db538d07e9112d"},"level":"error"}
{"level":"warn","message":"Ruta /styles.css con método GET no implementada"}
{"level":"warn","message":"Ruta /favicon.ico con método GET no implementada"}
{"level":"warn","message":"Ruta /api/logout con método GET no implementada"}
{"level":"warn","message":"Ruta /socket.io/socket.io.js con método GET no implementada"}
{"level":"warn","message":"Ruta /socket.io/socket.io.js con método GET no implementada"}
{"level":"warn","message":"Ruta /socket.io/socket.io.js con método GET no implementada"}
{"level":"warn","message":"Ruta /socket.io/socket.io.js con método GET no implementada"}
{"level":"warn","message":"Ruta /favicon.ico con método GET no implementada"}
{"level":"warn","message":"Ruta /socket.io/?EIO=4&transport=polling&t=OMPEvsA con método GET no implementada"}
{"level":"warn","message":"Ruta /socket.io/?EIO=4&transport=polling&t=OMPEwb6 con método GET no implementada"}
{"level":"warn","message":"Ruta /socket.io/?EIO=4&transport=polling&t=OMPExpD con método GET no implementada"}
{"level":"warn","message":"Ruta /socket.io/?EIO=4&transport=polling&t=OMPEzH4 con método GET no implementada"}
{"level":"warn","message":"Ruta /socket.io/?EIO=4&transport=polling&t=OMPFD8e con método GET no implementada"}
{"level":"warn","message":"Ruta /socket.io/?EIO=4&transport=polling&t=OMPFDtY con método GET no implementada"}
{"level":"warn","message":"Ruta /socket.io/socket.io.js con método GET no implementada"}
{"level":"warn","message":"Ruta /favicon.ico con método GET no implementada"}
{"level":"warn","message":"Ruta /socket.io/socket.io.js con método GET no implementada"}
{"level":"warn","message":"Ruta /favicon.ico con método GET no implementada"}
{"level":"warn","message":"Ruta /socket.io/socket.io.js con método GET no implementada"}
{"level":"warn","message":"Ruta /socket.io/socket.io.js con método GET no implementada"}
{"level":"warn","message":"Ruta /socket.io/socket.io.js con método GET no implementada"}
{"level":"warn","message":"Ruta /socket.io/?EIO=4&transport=polling&t=OMPGeCf con método GET no implementada"}
{"level":"warn","message":"Ruta /socket.io/?EIO=4&transport=polling&t=OMPGexU con método GET no implementada"}
{"level":"warn","message":"Ruta /socket.io/?EIO=4&transport=polling&t=OMPGuZX con método GET no implementada"}
{"level":"warn","message":"Ruta /socket.io/?EIO=4&transport=polling&t=OMPGvY7 con método GET no implementada"}
{"level":"warn","message":"Ruta /socket.io/?EIO=4&transport=polling&t=OMPGwmA con método GET no implementada"}
{"level":"warn","message":"Ruta /socket.io/?EIO=4&transport=polling&t=OMPGyE2 con método GET no implementada"}
{"level":"warn","message":"Ruta /socket.io/?EIO=4&transport=polling&t=OMPGzhq con método GET no implementada"}
{"level":"warn","message":"Ruta /socket.io/?EIO=4&transport=polling&t=OMPG_9V con método GET no implementada"}
{"level":"warn","message":"Ruta /socket.io/?EIO=4&transport=polling&t=OMPH0dE con método GET no implementada"}
{"level":"warn","message":"Ruta /socket.io/?EIO=4&transport=polling&t=OMPH24_ con método GET no implementada"}
{"level":"warn","message":"Ruta /socket.io/?EIO=4&transport=polling&t=OMPH3Ym con método GET no implementada"}
{"level":"warn","message":"Ruta /socket.io/?EIO=4&transport=polling&t=OMPH50Y con método GET no implementada"}
{"level":"warn","message":"Ruta /socket.io/?EIO=4&transport=polling&t=OMPH6UF con método GET no implementada"}
{"level":"warn","message":"Ruta /socket.io/?EIO=4&transport=polling&t=OMPH7xt con método GET no implementada"}
{"level":"warn","message":"Ruta /socket.io/?EIO=4&transport=polling&t=OMPH9Pm con método GET no implementada"}
{"level":"warn","message":"Ruta /socket.io/?EIO=4&transport=polling&t=OMPHAtX con método GET no implementada"}
{"level":"warn","message":"Ruta /socket.io/?EIO=4&transport=polling&t=OMPHCLA con método GET no implementada"}
{"level":"warn","message":"Ruta /socket.io/?EIO=4&transport=polling&t=OMPHDor con método GET no implementada"}
{"level":"warn","message":"Ruta /socket.io/?EIO=4&transport=polling&t=OMPHFGf con método GET no implementada"}
{"level":"warn","message":"Ruta /socket.io/?EIO=4&transport=polling&t=OMPHGkU con método GET no implementada"}
{"level":"warn","message":"Ruta /socket.io/?EIO=4&transport=polling&t=OMPHICJ con método GET no implementada"}
{"level":"warn","message":"Ruta /socket.io/?EIO=4&transport=polling&t=OMPHJfy con método GET no implementada"}
{"level":"warn","message":"Ruta /socket.io/?EIO=4&transport=polling&t=OMPHL7k con método GET no implementada"}
{"level":"warn","message":"Ruta /socket.io/?EIO=4&transport=polling&t=OMPHMbM con método GET no implementada"}
{"level":"warn","message":"Ruta /socket.io/?EIO=4&transport=polling&t=OMPHO3H con método GET no implementada"}
{"level":"warn","message":"Ruta /socket.io/?EIO=4&transport=polling&t=OMPHPX3 con método GET no implementada"}
{"level":"warn","message":"Ruta /socket.io/?EIO=4&transport=polling&t=OMPHQ-a con método GET no implementada"}
{"level":"warn","message":"Ruta /socket.io/?EIO=4&transport=polling&t=OMPHSSR con método GET no implementada"}
{"level":"warn","message":"Ruta /socket.io/?EIO=4&transport=polling&t=OMPHTwF con método GET no implementada"}
{"level":"warn","message":"Ruta /socket.io/?EIO=4&transport=polling&t=OMPHVNy con método GET no implementada"}
{"level":"warn","message":"Ruta /socket.io/?EIO=4&transport=polling&t=OMPHWre con método GET no implementada"}
{"level":"warn","message":"Ruta /socket.io/?EIO=4&transport=polling&t=OMPHYJS con método GET no implementada"}
{"level":"warn","message":"Ruta /socket.io/?EIO=4&transport=polling&t=OMPHZn9 con método GET no implementada"}
{"level":"warn","message":"Ruta /socket.io/?EIO=4&transport=polling&t=OMPHbEu con método GET no implementada"}
{"level":"warn","message":"Ruta /socket.io/?EIO=4&transport=polling&t=OMPHcio con método GET no implementada"}
{"level":"warn","message":"Ruta /socket.io/?EIO=4&transport=polling&t=OMPHeAM con método GET no implementada"}
{"level":"warn","message":"Ruta /socket.io/?EIO=4&transport=polling&t=OMPHfe6 con método GET no implementada"}
{"level":"warn","message":"Ruta /socket.io/?EIO=4&transport=polling&t=OMPHh5r con método GET no implementada"}
{"level":"warn","message":"Ruta /socket.io/?EIO=4&transport=polling&t=OMPHiZe con método GET no implementada"}
{"level":"warn","message":"Ruta /socket.io/?EIO=4&transport=polling&t=OMPHk1S con método GET no implementada"}
{"level":"warn","message":"Ruta /socket.io/?EIO=4&transport=polling&t=OMPHlVJ con método GET no implementada"}
{"level":"warn","message":"Ruta /socket.io/?EIO=4&transport=polling&t=OMPHmz2 con método GET no implementada"}
{"level":"warn","message":"Ruta /socket.io/?EIO=4&transport=polling&t=OMPHoQo con método GET no implementada"}
{"level":"warn","message":"Ruta /socket.io/?EIO=4&transport=polling&t=OMPHpuS con método GET no implementada"}
{"level":"warn","message":"Ruta /socket.io/?EIO=4&transport=polling&t=OMPHrMK con método GET no implementada"}
{"level":"warn","message":"Ruta /socket.io/?EIO=4&transport=polling&t=OMPHsq0 con método GET no implementada"}
{"level":"warn","message":"Ruta /socket.io/?EIO=4&transport=polling&t=OMPHuHp con método GET no implementada"}
{"level":"warn","message":"Ruta /socket.io/?EIO=4&transport=polling&t=OMPHvlV con método GET no implementada"}
{"level":"warn","message":"Ruta /socket.io/?EIO=4&transport=polling&t=OMPHxD9 con método GET no implementada"}
{"level":"warn","message":"Ruta /socket.io/?EIO=4&transport=polling&t=OMPHyh2 con método GET no implementada"}
{"level":"warn","message":"Ruta /socket.io/?EIO=4&transport=polling&t=OMPH-8l con método GET no implementada"}
{"level":"warn","message":"Ruta /socket.io/?EIO=4&transport=polling&t=OMPH_cN con método GET no implementada"}
{"level":"warn","message":"Ruta /socket.io/?EIO=4&transport=polling&t=OMPI147 con método GET no implementada"}
{"level":"warn","message":"Ruta /socket.io/?EIO=4&transport=polling&t=OMPI2Xv con método GET no implementada"}
{"level":"warn","message":"Ruta /socket.io/?EIO=4&transport=polling&t=OMPI3_p con método GET no implementada"}
{"level":"warn","message":"Ruta /favicon.ico con método GET no implementada"}
{"level":"warn","message":"Ruta /favicon.ico con método GET no implementada"}
{"level":"warn","message":"Ruta /favicon.ico con método GET no implementada"}
{"level":"warn","message":"Ruta /favicon.ico con método GET no implementada"}
{"level":"warn","message":"Ruta /favicon.ico con método GET no implementada"}
{"level":"warn","message":"Ruta /favicon.ico con método GET no implementada"}
{"level":"warn","message":"Ruta /favicon.ico con método GET no implementada"}
