{"level":"warn","message":"Ruta /api/desd con método GET no implementada"}
{"level":"warn","message":"Ruta /api/desd con método GET no implementada"}
{"level":"warn","message":"Ruta /api/desd con método GET no implementada"}
{"level":"warn","message":"Ruta /api/desd con método GET no implementada"}
{"level":"warn","message":"Ruta /api/desd con método GET no implementada"}
{"level":"warn","message":"Ruta /favicon.ico con método GET no implementada"}
{"level":"warn","message":"Ruta /favicon.ico con método GET no implementada"}
{"level":"warn","message":"Ruta /randoms?cant=4 con método GET no implementada"}
{"level":"warn","message":"Ruta /favicon.ico con método GET no implementada"}
{"level":"warn","message":"Ruta /favicon.ico con método GET no implementada"}
{"level":"warn","message":"Ruta /favicon.ico con método GET no implementada"}
{"level":"warn","message":"Ruta /favicon.ico con método GET no implementada"}
{"level":"warn","message":"Ruta /favicon.ico con método GET no implementada"}
{"level":"warn","message":"Ruta /styles.css con método GET no implementada"}
{"level":"warn","message":"Ruta /socket.io/socket.io.js con método GET no implementada"}
{"level":"warn","message":"Ruta /styles.css con método GET no implementada"}
{"level":"warn","message":"Ruta /socket.io/socket.io.js con método GET no implementada"}
{"level":"warn","message":"Ruta /socket.io/socket.io.js con método GET no implementada"}
{"level":"warn","message":"Ruta /public/script.js con método GET no implementada"}
{"level":"warn","message":"Ruta /public/script.js con método GET no implementada"}
{"level":"warn","message":"Ruta /socket.io/socket.io.js con método GET no implementada"}
{"level":"warn","message":"Ruta /public/script.js con método GET no implementada"}
{"level":"warn","message":"Ruta /socket.io/socket.io.js con método GET no implementada"}
{"level":"warn","message":"Ruta /api/public/script.js con método GET no implementada"}
{"level":"warn","message":"Ruta /socket.io/socket.io.js con método GET no implementada"}
{"level":"warn","message":"Ruta /api/public/script.js con método GET no implementada"}
{"level":"warn","message":"Ruta /socket.io/socket.io.js con método GET no implementada"}
{"level":"warn","message":"Ruta /api/script.js con método GET no implementada"}
{"level":"warn","message":"Ruta /socket.io/socket.io.js con método GET no implementada"}
{"level":"warn","message":"Ruta /script.js con método GET no implementada"}
{"level":"warn","message":"Ruta /socket.io/socket.io.js con método GET no implementada"}
{"level":"warn","message":"Ruta /socket.io/socket.io.js con método GET no implementada"}
{"level":"warn","message":"Ruta /api/script.js con método GET no implementada"}
{"level":"warn","message":"Ruta /socket.io/socket.io.js con método GET no implementada"}
{"level":"warn","message":"Ruta /socket.io/socket.io.js con método GET no implementada"}
{"level":"warn","message":"Ruta /socket.io/socket.io.js con método GET no implementada"}
{"level":"warn","message":"Ruta /socket.io/socket.io.js con método GET no implementada"}
{"level":"warn","message":"Ruta /api/ con método GET no implementada"}
{"level":"warn","message":"Ruta /socket.io/socket.io.js con método GET no implementada"}
{"level":"warn","message":"Ruta /socket.io/socket.io.js con método GET no implementada"}
{"level":"warn","message":"Ruta /api/ con método GET no implementada"}
{"level":"warn","message":"Ruta /socket.io/socket.io.js con método GET no implementada"}
{"level":"warn","message":"Ruta /socket.io/socket.io.js con método GET no implementada"}
{"level":"warn","message":"Ruta /socket.io/socket.io.js con método GET no implementada"}
{"level":"warn","message":"Ruta /socket.io/socket.io.js con método GET no implementada"}
{"level":"warn","message":"Ruta /socket.io/socket.io.js con método GET no implementada"}
{"level":"warn","message":"Ruta /socket.io/socket.io.js con método GET no implementada"}
{"level":"warn","message":"Ruta /favicon.ico con método GET no implementada"}
{"level":"warn","message":"Ruta /favicon.ico con método GET no implementada"}
{"level":"warn","message":"Ruta /api/ con método GET no implementada"}
{"level":"warn","message":"Ruta /api/ con método GET no implementada"}
{"level":"warn","message":"Ruta /api/ con método GET no implementada"}
{"level":"warn","message":"Ruta /api/ con método GET no implementada"}
{"level":"warn","message":"Ruta /api/ con método GET no implementada"}
{"level":"warn","message":"Ruta /api/ con método GET no implementada"}
{"level":"error"}
{"level":"warn","message":"Ruta /api/sf con método GET no implementada"}
{"level":"warn","message":"Ruta /api/sf con método GET no implementada"}
{"level":"warn","message":"Ruta /api/sf con método GET no implementada"}
{"level":"warn","message":"Ruta /api/sf con método GET no implementada"}
{"level":"warn","message":"Ruta /api/ con método GET no implementada"}
{"level":"warn","message":"Ruta /api/ddd con método GET no implementada"}
{"level":"warn","message":"Ruta /api/ con método GET no implementada"}
{"level":"warn","message":"Ruta /favicon.ico con método GET no implementada"}
{"level":"warn","message":"Ruta /favicon.ico con método GET no implementada"}
{"level":"warn","message":"Ruta /favicon.ico con método GET no implementada"}
{"level":"warn","message":"Ruta /favicon.ico con método GET no implementada"}
{"code":11000,"index":0,"keyPattern":{"_id":1},"keyValue":{"_id":"636d7cf7a8db538d07e9112d"},"level":"error"}
{"level":"warn","message":"Ruta /undefined/productos con método GET no implementada"}
{"level":"warn","message":"Ruta /3/productos con método GET no implementada"}
{"level":"warn","message":"Ruta /undefined/productos con método GET no implementada"}
{"level":"warn","message":"Ruta /undefined/productos con método GET no implementada"}
{"level":"warn","message":"Ruta /undefined/productos con método GET no implementada"}
{"level":"warn","message":"Ruta /636d7cf7a8db538d07e9112d/productos con método GET no implementada"}
{"level":"warn","message":"Ruta /carritos/636d7cf7a8db538d07e9112d/productos con método GET no implementada"}
{"code":11000,"index":0,"keyPattern":{"_id":1},"keyValue":{"_id":"636d7cf7a8db538d07e9112d"},"level":"error"}
{"code":11000,"index":0,"keyPattern":{"_id":1},"keyValue":{"_id":"636d7cf7a8db538d07e9112d"},"level":"error"}
{"code":11000,"index":0,"keyPattern":{"_id":1},"keyValue":{"_id":"636d7cf7a8db538d07e9112d"},"level":"error"}
{"code":11000,"index":0,"keyPattern":{"_id":1},"keyValue":{"_id":"636d7cf7a8db538d07e9112d"},"level":"error"}
{"code":11000,"index":0,"keyPattern":{"_id":1},"keyValue":{"_id":"636d7cf7a8db538d07e9112d"},"level":"error"}
{"code":11000,"index":0,"keyPattern":{"_id":1},"keyValue":{"_id":"636d7cf7a8db538d07e9112d"},"level":"error"}
{"code":11000,"index":0,"keyPattern":{"_id":1},"keyValue":{"_id":"636d7cf7a8db538d07e9112d"},"level":"error"}
{"code":11000,"index":0,"keyPattern":{"_id":1},"keyValue":{"_id":"636d7cf7a8db538d07e9112d"},"level":"error"}
{"code":11000,"index":0,"keyPattern":{"_id":1},"keyValue":{"_id":"636d7cf7a8db538d07e9112d"},"level":"error"}
{"code":11000,"index":0,"keyPattern":{"_id":1},"keyValue":{"_id":"636d7cf7a8db538d07e9112d"},"level":"error"}
{"level":"warn","message":"Ruta /favicon.ico con método GET no implementada"}
{"code":11000,"index":0,"keyPattern":{"_id":1},"keyValue":{"_id":"636d7cf7a8db538d07e9112d"},"level":"error"}
{"code":11000,"index":0,"keyPattern":{"_id":1},"keyValue":{"_id":"636d7cf7a8db538d07e9112d"},"level":"error"}
{"code":11000,"index":0,"keyPattern":{"_id":1},"keyValue":{"_id":"636d7cf7a8db538d07e9112d"},"level":"error"}
{"code":11000,"index":0,"keyPattern":{"_id":1},"keyValue":{"_id":"636d7cf7a8db538d07e9112d"},"level":"error"}
{"code":11000,"index":0,"keyPattern":{"_id":1},"keyValue":{"_id":"636d7cf7a8db538d07e9112d"},"level":"error"}
{"level":"warn","message":"Ruta /api/carritos636d7cf7a8db538d07e9112d/productos con método POST no implementada"}
{"code":11000,"index":0,"keyPattern":{"_id":1},"keyValue":{"_id":"636d7cf7a8db538d07e9112d"},"level":"error"}
{"code":11000,"index":0,"keyPattern":{"_id":1},"keyValue":{"_id":"636d7cf7a8db538d07e9112d"},"level":"error"}
{"code":11000,"index":0,"keyPattern":{"_id":1},"keyValue":{"_id":"636d7cf7a8db538d07e9112d"},"level":"error"}
{"code":11000,"index":0,"keyPattern":{"_id":1},"keyValue":{"_id":"636d7cf7a8db538d07e9112d"},"level":"error"}
{"code":11000,"index":0,"keyPattern":{"_id":1},"keyValue":{"_id":"636d7cf7a8db538d07e9112d"},"level":"error"}
{"code":11000,"index":0,"keyPattern":{"_id":1},"keyValue":{"_id":"636d7cf7a8db538d07e9112d"},"level":"error"}
{"code":11000,"index":0,"keyPattern":{"_id":1},"keyValue":{"_id":"636d7cf7a8db538d07e9112d"},"level":"error"}
{"code":11000,"index":0,"keyPattern":{"_id":1},"keyValue":{"_id":"636d7cf7a8db538d07e9112d"},"level":"error"}
{"code":11000,"index":0,"keyPattern":{"_id":1},"keyValue":{"_id":"636d7cf7a8db538d07e9112d"},"level":"error"}
{"code":11000,"index":0,"keyPattern":{"_id":1},"keyValue":{"_id":"636d7cf7a8db538d07e9112d"},"level":"error"}
{"code":11000,"index":0,"keyPattern":{"_id":1},"keyValue":{"_id":"636d7cf7a8db538d07e9112d"},"level":"error"}
{"code":11000,"index":0,"keyPattern":{"_id":1},"keyValue":{"_id":"636d7cf7a8db538d07e9112d"},"level":"error"}
{"code":11000,"index":0,"keyPattern":{"_id":1},"keyValue":{"_id":"636d7cf7a8db538d07e9112d"},"level":"error"}
{"code":11000,"index":0,"keyPattern":{"_id":1},"keyValue":{"_id":"636d7cf7a8db538d07e9112d"},"level":"error"}
{"code":11000,"index":0,"keyPattern":{"_id":1},"keyValue":{"_id":"636d7cf7a8db538d07e9112d"},"level":"error"}
{"code":11000,"index":0,"keyPattern":{"_id":1},"keyValue":{"_id":"636d7cf7a8db538d07e9112d"},"level":"error"}
{"code":11000,"index":0,"keyPattern":{"_id":1},"keyValue":{"_id":"636d7cf7a8db538d07e9112d"},"level":"error"}
{"code":11000,"index":0,"keyPattern":{"_id":1},"keyValue":{"_id":"636d7cf7a8db538d07e9112d"},"level":"error"}
{"code":11000,"index":0,"keyPattern":{"_id":1},"keyValue":{"_id":"636d7cf7a8db538d07e9112d"},"level":"error"}
{"code":11000,"index":0,"keyPattern":{"_id":1},"keyValue":{"_id":"636d7cf7a8db538d07e9112d"},"level":"error"}
{"level":"warn","message":"Ruta /api/images/apple.png con método GET no implementada"}
{"level":"warn","message":"Ruta /api/images/veg.png con método GET no implementada"}
{"level":"warn","message":"Ruta /api/images/apple.png con método GET no implementada"}
{"level":"warn","message":"Ruta /api/images/veg.png con método GET no implementada"}
{"level":"warn","message":"Ruta /api/images/veg.png con método GET no implementada"}
{"level":"warn","message":"Ruta /api/images/apple.png con método GET no implementada"}
{"level":"warn","message":"Ruta /favicon.ico con método GET no implementada"}
{"level":"warn","message":"Ruta /api/%7C%7C%20%22https://i.im.ge/2022/09/23/1hVLEc.Goose.png%22%7D con método GET no implementada"}
{"level":"warn","message":"Ruta /api/%7C%7C%20%22https://i.im.ge/2022/09/23/1hVLEc.Goose.png%22 con método GET no implementada"}
{"level":"warn","message":"Ruta /favicon.ico con método GET no implementada"}
{"level":"warn","message":"Ruta /favicon.ico con método GET no implementada"}
{"code":11000,"index":0,"keyPattern":{"_id":1},"keyValue":{"_id":"636d7cf7a8db538d07e9112d"},"level":"error"}
{"code":11000,"index":0,"keyPattern":{"_id":1},"keyValue":{"_id":"636d7cf7a8db538d07e9112d"},"level":"error"}
{"code":11000,"index":0,"keyPattern":{"_id":1},"keyValue":{"_id":"636d7cf7a8db538d07e9112d"},"level":"error"}
